<?xml version="1.0" encoding="UTF-8"?>
<coverage generated="1701286715884" clover="3.2.0">
  <project timestamp="1701286715884" name="All files">
    <metrics statements="130" coveredstatements="86" conditionals="40" coveredconditionals="18" methods="50" coveredmethods="37" elements="220" coveredelements="141" complexity="0" loc="130" ncloc="130" packages="2" files="9" classes="9"/>
    <package name="src">
      <metrics statements="14" coveredstatements="0" conditionals="6" coveredconditionals="0" methods="4" coveredmethods="0"/>
      <file name="App.js" path="/Users/anishkhadka/Desktop/csc648-04-fall23-csc648-04-fall23-team03/Milestones/M4/src/App.js">
        <metrics statements="12" coveredstatements="0" conditionals="6" coveredconditionals="0" methods="4" coveredmethods="0"/>
        <line num="12" count="0" type="stmt"/>
        <line num="14" count="0" type="stmt"/>
        <line num="15" count="0" type="stmt"/>
        <line num="17" count="0" type="stmt"/>
        <line num="18" count="0" type="stmt"/>
        <line num="19" count="0" type="stmt"/>
        <line num="22" count="0" type="stmt"/>
        <line num="23" count="0" type="stmt"/>
        <line num="26" count="0" type="stmt"/>
        <line num="30" count="0" type="stmt"/>
        <line num="31" count="0" type="stmt"/>
        <line num="37" count="0" type="stmt"/>
      </file>
      <file name="index.js" path="/Users/anishkhadka/Desktop/csc648-04-fall23-csc648-04-fall23-team03/Milestones/M4/src/index.js">
        <metrics statements="2" coveredstatements="0" conditionals="0" coveredconditionals="0" methods="0" coveredmethods="0"/>
        <line num="8" count="0" type="stmt"/>
        <line num="9" count="0" type="stmt"/>
      </file>
    </package>
    <package name="src.Components">
      <metrics statements="116" coveredstatements="86" conditionals="34" coveredconditionals="18" methods="46" coveredmethods="37"/>
      <file name="AddRecipe.js" path="/Users/anishkhadka/Desktop/csc648-04-fall23-csc648-04-fall23-team03/Milestones/M4/src/Components/AddRecipe.js">
        <metrics statements="35" coveredstatements="31" conditionals="7" coveredconditionals="6" methods="23" coveredmethods="21"/>
        <line num="18" count="1" type="stmt"/>
        <line num="19" count="20" type="stmt"/>
        <line num="21" count="20" type="stmt"/>
        <line num="31" count="20" type="stmt"/>
        <line num="32" count="8" type="stmt"/>
        <line num="35" count="20" type="stmt"/>
        <line num="36" count="1" type="stmt"/>
        <line num="39" count="20" type="stmt"/>
        <line num="40" count="1" type="stmt"/>
        <line num="46" count="20" type="stmt"/>
        <line num="47" count="0" type="stmt"/>
        <line num="48" count="0" type="stmt"/>
        <line num="50" count="0" type="stmt"/>
        <line num="56" count="20" type="stmt"/>
        <line num="57" count="2" type="stmt"/>
        <line num="63" count="20" type="stmt"/>
        <line num="64" count="2" type="stmt"/>
        <line num="65" count="2" type="stmt"/>
        <line num="67" count="2" type="stmt"/>
        <line num="73" count="20" type="stmt"/>
        <line num="74" count="20" type="cond" truecount="4" falsecount="1"/>
        <line num="76" count="8" type="stmt"/>
        <line num="88" count="7" type="stmt"/>
        <line num="95" count="1" type="stmt"/>
        <line num="107" count="1" type="stmt"/>
        <line num="116" count="1" type="stmt"/>
        <line num="122" count="4" type="stmt"/>
        <line num="129" count="1" type="stmt"/>
        <line num="141" count="1" type="stmt"/>
        <line num="150" count="1" type="stmt"/>
        <line num="156" count="1" type="stmt"/>
        <line num="170" count="0" type="stmt"/>
        <line num="174" count="20" type="stmt"/>
        <line num="175" count="1" type="stmt"/>
        <line num="178" count="20" type="stmt"/>
      </file>
      <file name="LandingPage.js" path="/Users/anishkhadka/Desktop/csc648-04-fall23-csc648-04-fall23-team03/Milestones/M4/src/Components/LandingPage.js">
        <metrics statements="5" coveredstatements="5" conditionals="0" coveredconditionals="0" methods="2" coveredmethods="2"/>
        <line num="6" count="1" type="stmt"/>
        <line num="7" count="3" type="stmt"/>
        <line num="9" count="3" type="stmt"/>
        <line num="10" count="1" type="stmt"/>
        <line num="13" count="3" type="stmt"/>
      </file>
      <file name="Main.js" path="/Users/anishkhadka/Desktop/csc648-04-fall23-csc648-04-fall23-team03/Milestones/M4/src/Components/Main.js">
        <metrics statements="11" coveredstatements="0" conditionals="3" coveredconditionals="0" methods="4" coveredmethods="0"/>
        <line num="8" count="0" type="stmt"/>
        <line num="10" count="0" type="stmt"/>
        <line num="11" count="0" type="stmt"/>
        <line num="12" count="0" type="stmt"/>
        <line num="13" count="0" type="stmt"/>
        <line num="14" count="0" type="stmt"/>
        <line num="15" count="0" type="stmt"/>
        <line num="17" count="0" type="stmt"/>
        <line num="21" count="0" type="stmt"/>
        <line num="24" count="0" type="stmt"/>
        <line num="29" count="0" type="stmt"/>
      </file>
      <file name="Mixer.js" path="/Users/anishkhadka/Desktop/csc648-04-fall23-csc648-04-fall23-team03/Milestones/M4/src/Components/Mixer.js">
        <metrics statements="27" coveredstatements="20" conditionals="5" coveredconditionals="0" methods="5" coveredmethods="4"/>
        <line num="11" count="1" type="stmt"/>
        <line num="13" count="5" type="stmt"/>
        <line num="14" count="5" type="stmt"/>
        <line num="15" count="5" type="stmt"/>
        <line num="17" count="5" type="stmt"/>
        <line num="20" count="1" type="stmt"/>
        <line num="23" count="5" type="stmt"/>
        <line num="24" count="1" type="stmt"/>
        <line num="25" count="1" type="stmt"/>
        <line num="26" count="1" type="stmt"/>
        <line num="27" count="1" type="stmt"/>
        <line num="29" count="1" type="stmt"/>
        <line num="30" count="1" type="stmt"/>
        <line num="34" count="5" type="stmt"/>
        <line num="36" count="1" type="stmt"/>
        <line num="37" count="1" type="stmt"/>
        <line num="41" count="0" type="stmt"/>
        <line num="43" count="0" type="cond" truecount="0" falsecount="5"/>
        <line num="44" count="0" type="stmt"/>
        <line num="45" count="0" type="stmt"/>
        <line num="47" count="0" type="stmt"/>
        <line num="48" count="0" type="stmt"/>
        <line num="51" count="1" type="stmt"/>
        <line num="52" count="1" type="stmt"/>
        <line num="53" count="1" type="stmt"/>
        <line num="61" count="5" type="stmt"/>
        <line num="85" count="0" type="stmt"/>
      </file>
      <file name="Navigation.js" path="/Users/anishkhadka/Desktop/csc648-04-fall23-csc648-04-fall23-team03/Milestones/M4/src/Components/Navigation.js">
        <metrics statements="11" coveredstatements="9" conditionals="0" coveredconditionals="0" methods="6" coveredmethods="5"/>
        <line num="12" count="1" type="stmt"/>
        <line num="13" count="3" type="stmt"/>
        <line num="14" count="3" type="stmt"/>
        <line num="16" count="3" type="stmt"/>
        <line num="17" count="0" type="stmt"/>
        <line num="18" count="0" type="stmt"/>
        <line num="22" count="3" type="stmt"/>
        <line num="24" count="1" type="stmt"/>
        <line num="29" count="1" type="stmt"/>
        <line num="34" count="1" type="stmt"/>
        <line num="39" count="1" type="stmt"/>
      </file>
      <file name="RecipeCard.js" path="/Users/anishkhadka/Desktop/csc648-04-fall23-csc648-04-fall23-team03/Milestones/M4/src/Components/RecipeCard.js">
        <metrics statements="6" coveredstatements="6" conditionals="10" coveredconditionals="8" methods="2" coveredmethods="2"/>
        <line num="11" count="3" type="stmt"/>
        <line num="12" count="8" type="stmt"/>
        <line num="24" count="8" type="stmt"/>
        <line num="27" count="8" type="stmt"/>
        <line num="28" count="1" type="stmt"/>
        <line num="31" count="8" type="stmt"/>
      </file>
      <file name="Search.js" path="/Users/anishkhadka/Desktop/csc648-04-fall23-csc648-04-fall23-team03/Milestones/M4/src/Components/Search.js">
        <metrics statements="21" coveredstatements="15" conditionals="9" coveredconditionals="4" methods="4" coveredmethods="3"/>
        <line num="9" count="1" type="stmt"/>
        <line num="10" count="2" type="stmt"/>
        <line num="11" count="2" type="stmt"/>
        <line num="13" count="2" type="stmt"/>
        <line num="14" count="1" type="stmt"/>
        <line num="17" count="2" type="stmt"/>
        <line num="18" count="1" type="stmt"/>
        <line num="19" count="1" type="cond" truecount="3" falsecount="1"/>
        <line num="20" count="0" type="stmt"/>
        <line num="21" count="0" type="stmt"/>
        <line num="24" count="1" type="stmt"/>
        <line num="25" count="1" type="stmt"/>
        <line num="30" count="1" type="cond" truecount="0" falsecount="2"/>
        <line num="35" count="0" type="stmt"/>
        <line num="37" count="0" type="stmt"/>
        <line num="38" count="0" type="stmt"/>
        <line num="41" count="1" type="stmt"/>
        <line num="42" count="1" type="stmt"/>
        <line num="43" count="1" type="stmt"/>
        <line num="47" count="2" type="stmt"/>
        <line num="65" count="0" type="stmt"/>
      </file>
    </package>
  </project>
</coverage>
