{"/Users/anishkhadka/Desktop/csc648-04-fall23-csc648-04-fall23-team03/Milestones/M4/src/App.js": {"path":"/Users/anishkhadka/Desktop/csc648-04-fall23-csc648-04-fall23-team03/Milestones/M4/src/App.js","statementMap":{"0":{"start":{"line":12,"column":12},"end":{"line":80,"column":1}},"1":{"start":{"line":14,"column":21},"end":{"line":14,"column":34}},"2":{"start":{"line":15,"column":28},"end":{"line":15,"column":55}},"3":{"start":{"line":17,"column":4},"end":{"line":33,"column":19}},"4":{"start":{"line":18,"column":35},"end":{"line":20,"column":7}},"5":{"start":{"line":19,"column":8},"end":{"line":19,"column":35}},"6":{"start":{"line":22,"column":6},"end":{"line":22,"column":67}},"7":{"start":{"line":23,"column":6},"end":{"line":23,"column":64}},"8":{"start":{"line":26,"column":6},"end":{"line":26,"column":33}},"9":{"start":{"line":30,"column":6},"end":{"line":32,"column":8}},"10":{"start":{"line":31,"column":8},"end":{"line":31,"column":69}},"11":{"start":{"line":37,"column":2},"end":{"line":79,"column":4}}},"fnMap":{"0":{"name":"(anonymous_0)","decl":{"start":{"line":12,"column":12},"end":{"line":12,"column":13}},"loc":{"start":{"line":12,"column":18},"end":{"line":80,"column":1}},"line":12},"1":{"name":"(anonymous_1)","decl":{"start":{"line":17,"column":14},"end":{"line":17,"column":15}},"loc":{"start":{"line":17,"column":20},"end":{"line":33,"column":5}},"line":17},"2":{"name":"(anonymous_2)","decl":{"start":{"line":18,"column":35},"end":{"line":18,"column":36}},"loc":{"start":{"line":18,"column":41},"end":{"line":20,"column":7}},"line":18},"3":{"name":"(anonymous_3)","decl":{"start":{"line":30,"column":13},"end":{"line":30,"column":14}},"loc":{"start":{"line":30,"column":19},"end":{"line":32,"column":7}},"line":30}},"branchMap":{"0":{"loc":{"start":{"line":38,"column":53},"end":{"line":38,"column":89}},"type":"cond-expr","locations":[{"start":{"line":38,"column":68},"end":{"line":38,"column":77}},{"start":{"line":38,"column":80},"end":{"line":38,"column":89}}],"line":38},"1":{"loc":{"start":{"line":38,"column":98},"end":{"line":38,"column":134}},"type":"cond-expr","locations":[{"start":{"line":38,"column":113},"end":{"line":38,"column":122}},{"start":{"line":38,"column":125},"end":{"line":38,"column":134}}],"line":38},"2":{"loc":{"start":{"line":63,"column":7},"end":{"line":67,"column":7}},"type":"binary-expr","locations":[{"start":{"line":63,"column":7},"end":{"line":63,"column":19}},{"start":{"line":64,"column":8},"end":{"line":66,"column":14}}],"line":63}},"s":{"0":0,"1":0,"2":0,"3":0,"4":0,"5":0,"6":0,"7":0,"8":0,"9":0,"10":0,"11":0},"f":{"0":0,"1":0,"2":0,"3":0},"b":{"0":[0,0],"1":[0,0],"2":[0,0]}}
,"/Users/anishkhadka/Desktop/csc648-04-fall23-csc648-04-fall23-team03/Milestones/M4/src/index.js": {"path":"/Users/anishkhadka/Desktop/csc648-04-fall23-csc648-04-fall23-team03/Milestones/M4/src/index.js","statementMap":{"0":{"start":{"line":8,"column":20},"end":{"line":8,"column":51}},"1":{"start":{"line":9,"column":0},"end":{"line":14,"column":2}}},"fnMap":{},"branchMap":{},"s":{"0":0,"1":0},"f":{},"b":{}}
,"/Users/anishkhadka/Desktop/csc648-04-fall23-csc648-04-fall23-team03/Milestones/M4/src/Components/AddRecipe.js": {"path":"/Users/anishkhadka/Desktop/csc648-04-fall23-csc648-04-fall23-team03/Milestones/M4/src/Components/AddRecipe.js","statementMap":{"0":{"start":{"line":18,"column":18},"end":{"line":216,"column":1}},"1":{"start":{"line":19,"column":38},"end":{"line":19,"column":49}},"2":{"start":{"line":21,"column":38},"end":{"line":29,"column":4}},"3":{"start":{"line":31,"column":21},"end":{"line":33,"column":3}},"4":{"start":{"line":32,"column":4},"end":{"line":32,"column":46}},"5":{"start":{"line":32,"column":32},"end":{"line":32,"column":44}},"6":{"start":{"line":35,"column":21},"end":{"line":37,"column":3}},"7":{"start":{"line":36,"column":4},"end":{"line":36,"column":46}},"8":{"start":{"line":36,"column":32},"end":{"line":36,"column":44}},"9":{"start":{"line":39,"column":23},"end":{"line":44,"column":3}},"10":{"start":{"line":39,"column":34},"end":{"line":44,"column":3}},"11":{"start":{"line":40,"column":4},"end":{"line":43,"column":8}},"12":{"start":{"line":40,"column":33},"end":{"line":43,"column":5}},"13":{"start":{"line":46,"column":27},"end":{"line":54,"column":3}},"14":{"start":{"line":46,"column":45},"end":{"line":54,"column":3}},"15":{"start":{"line":47,"column":24},"end":{"line":47,"column":46}},"16":{"start":{"line":48,"column":4},"end":{"line":48,"column":44}},"17":{"start":{"line":50,"column":4},"end":{"line":53,"column":8}},"18":{"start":{"line":50,"column":33},"end":{"line":53,"column":5}},"19":{"start":{"line":56,"column":24},"end":{"line":61,"column":3}},"20":{"start":{"line":57,"column":4},"end":{"line":60,"column":8}},"21":{"start":{"line":57,"column":33},"end":{"line":60,"column":5}},"22":{"start":{"line":63,"column":27},"end":{"line":71,"column":3}},"23":{"start":{"line":64,"column":24},"end":{"line":64,"column":46}},"24":{"start":{"line":65,"column":4},"end":{"line":65,"column":33}},"25":{"start":{"line":67,"column":4},"end":{"line":70,"column":8}},"26":{"start":{"line":67,"column":33},"end":{"line":70,"column":5}},"27":{"start":{"line":73,"column":28},"end":{"line":172,"column":3}},"28":{"start":{"line":74,"column":4},"end":{"line":171,"column":5}},"29":{"start":{"line":76,"column":8},"end":{"line":86,"column":10}},"30":{"start":{"line":88,"column":8},"end":{"line":120,"column":10}},"31":{"start":{"line":95,"column":16},"end":{"line":113,"column":27}},"32":{"start":{"line":107,"column":37},"end":{"line":107,"column":75}},"33":{"start":{"line":116,"column":39},"end":{"line":116,"column":67}},"34":{"start":{"line":122,"column":8},"end":{"line":154,"column":10}},"35":{"start":{"line":129,"column":16},"end":{"line":147,"column":27}},"36":{"start":{"line":141,"column":37},"end":{"line":141,"column":76}},"37":{"start":{"line":150,"column":39},"end":{"line":150,"column":68}},"38":{"start":{"line":156,"column":8},"end":{"line":168,"column":10}},"39":{"start":{"line":170,"column":8},"end":{"line":170,"column":20}},"40":{"start":{"line":174,"column":23},"end":{"line":176,"column":3}},"41":{"start":{"line":175,"column":4},"end":{"line":175,"column":50}},"42":{"start":{"line":178,"column":2},"end":{"line":215,"column":4}}},"fnMap":{"0":{"name":"(anonymous_0)","decl":{"start":{"line":18,"column":18},"end":{"line":18,"column":19}},"loc":{"start":{"line":18,"column":24},"end":{"line":216,"column":1}},"line":18},"1":{"name":"(anonymous_1)","decl":{"start":{"line":31,"column":21},"end":{"line":31,"column":22}},"loc":{"start":{"line":31,"column":27},"end":{"line":33,"column":3}},"line":31},"2":{"name":"(anonymous_2)","decl":{"start":{"line":32,"column":18},"end":{"line":32,"column":19}},"loc":{"start":{"line":32,"column":32},"end":{"line":32,"column":44}},"line":32},"3":{"name":"(anonymous_3)","decl":{"start":{"line":35,"column":21},"end":{"line":35,"column":22}},"loc":{"start":{"line":35,"column":27},"end":{"line":37,"column":3}},"line":35},"4":{"name":"(anonymous_4)","decl":{"start":{"line":36,"column":18},"end":{"line":36,"column":19}},"loc":{"start":{"line":36,"column":32},"end":{"line":36,"column":44}},"line":36},"5":{"name":"(anonymous_5)","decl":{"start":{"line":39,"column":23},"end":{"line":39,"column":24}},"loc":{"start":{"line":39,"column":34},"end":{"line":44,"column":3}},"line":39},"6":{"name":"(anonymous_6)","decl":{"start":{"line":39,"column":34},"end":{"line":39,"column":35}},"loc":{"start":{"line":39,"column":45},"end":{"line":44,"column":3}},"line":39},"7":{"name":"(anonymous_7)","decl":{"start":{"line":40,"column":18},"end":{"line":40,"column":19}},"loc":{"start":{"line":40,"column":33},"end":{"line":43,"column":5}},"line":40},"8":{"name":"(anonymous_8)","decl":{"start":{"line":46,"column":27},"end":{"line":46,"column":28}},"loc":{"start":{"line":46,"column":45},"end":{"line":54,"column":3}},"line":46},"9":{"name":"(anonymous_9)","decl":{"start":{"line":46,"column":45},"end":{"line":46,"column":46}},"loc":{"start":{"line":46,"column":56},"end":{"line":54,"column":3}},"line":46},"10":{"name":"(anonymous_10)","decl":{"start":{"line":50,"column":18},"end":{"line":50,"column":19}},"loc":{"start":{"line":50,"column":33},"end":{"line":53,"column":5}},"line":50},"11":{"name":"(anonymous_11)","decl":{"start":{"line":56,"column":24},"end":{"line":56,"column":25}},"loc":{"start":{"line":56,"column":35},"end":{"line":61,"column":3}},"line":56},"12":{"name":"(anonymous_12)","decl":{"start":{"line":57,"column":18},"end":{"line":57,"column":19}},"loc":{"start":{"line":57,"column":33},"end":{"line":60,"column":5}},"line":57},"13":{"name":"(anonymous_13)","decl":{"start":{"line":63,"column":27},"end":{"line":63,"column":28}},"loc":{"start":{"line":63,"column":45},"end":{"line":71,"column":3}},"line":63},"14":{"name":"(anonymous_14)","decl":{"start":{"line":67,"column":18},"end":{"line":67,"column":19}},"loc":{"start":{"line":67,"column":33},"end":{"line":70,"column":5}},"line":67},"15":{"name":"(anonymous_15)","decl":{"start":{"line":73,"column":28},"end":{"line":73,"column":29}},"loc":{"start":{"line":73,"column":38},"end":{"line":172,"column":3}},"line":73},"16":{"name":"(anonymous_16)","decl":{"start":{"line":94,"column":42},"end":{"line":94,"column":43}},"loc":{"start":{"line":95,"column":16},"end":{"line":113,"column":27}},"line":95},"17":{"name":"(anonymous_17)","decl":{"start":{"line":107,"column":31},"end":{"line":107,"column":32}},"loc":{"start":{"line":107,"column":37},"end":{"line":107,"column":75}},"line":107},"18":{"name":"(anonymous_18)","decl":{"start":{"line":116,"column":33},"end":{"line":116,"column":34}},"loc":{"start":{"line":116,"column":39},"end":{"line":116,"column":67}},"line":116},"19":{"name":"(anonymous_19)","decl":{"start":{"line":128,"column":43},"end":{"line":128,"column":44}},"loc":{"start":{"line":129,"column":16},"end":{"line":147,"column":27}},"line":129},"20":{"name":"(anonymous_20)","decl":{"start":{"line":141,"column":31},"end":{"line":141,"column":32}},"loc":{"start":{"line":141,"column":37},"end":{"line":141,"column":76}},"line":141},"21":{"name":"(anonymous_21)","decl":{"start":{"line":150,"column":33},"end":{"line":150,"column":34}},"loc":{"start":{"line":150,"column":39},"end":{"line":150,"column":68}},"line":150},"22":{"name":"(anonymous_22)","decl":{"start":{"line":174,"column":23},"end":{"line":174,"column":24}},"loc":{"start":{"line":174,"column":29},"end":{"line":176,"column":3}},"line":174}},"branchMap":{"0":{"loc":{"start":{"line":74,"column":4},"end":{"line":171,"column":5}},"type":"switch","locations":[{"start":{"line":75,"column":6},"end":{"line":86,"column":10}},{"start":{"line":87,"column":6},"end":{"line":120,"column":10}},{"start":{"line":121,"column":6},"end":{"line":154,"column":10}},{"start":{"line":155,"column":6},"end":{"line":168,"column":10}},{"start":{"line":169,"column":6},"end":{"line":170,"column":20}}],"line":74},"1":{"loc":{"start":{"line":203,"column":11},"end":{"line":211,"column":11}},"type":"cond-expr","locations":[{"start":{"line":204,"column":12},"end":{"line":206,"column":21}},{"start":{"line":208,"column":12},"end":{"line":210,"column":21}}],"line":203}},"s":{"0":1,"1":20,"2":20,"3":20,"4":8,"5":8,"6":20,"7":1,"8":1,"9":20,"10":9,"11":1,"12":1,"13":20,"14":2,"15":0,"16":0,"17":0,"18":0,"19":20,"20":2,"21":2,"22":20,"23":2,"24":2,"25":2,"26":2,"27":20,"28":20,"29":8,"30":7,"31":1,"32":1,"33":1,"34":4,"35":1,"36":1,"37":1,"38":1,"39":0,"40":20,"41":1,"42":20},"f":{"0":20,"1":8,"2":8,"3":1,"4":1,"5":9,"6":1,"7":1,"8":2,"9":0,"10":0,"11":2,"12":2,"13":2,"14":2,"15":20,"16":1,"17":1,"18":1,"19":1,"20":1,"21":1,"22":1},"b":{"0":[8,7,4,1,0],"1":[19,1]},"_coverageSchema":"1a1c01bbd47fc00a2c39e90264f33305004495a9","hash":"db0706cec20fda450b1304e2d6d65f8fdada501d"}
,"/Users/anishkhadka/Desktop/csc648-04-fall23-csc648-04-fall23-team03/Milestones/M4/src/Components/LandingPage.js": {"path":"/Users/anishkhadka/Desktop/csc648-04-fall23-csc648-04-fall23-team03/Milestones/M4/src/Components/LandingPage.js","statementMap":{"0":{"start":{"line":6,"column":20},"end":{"line":32,"column":1}},"1":{"start":{"line":7,"column":21},"end":{"line":7,"column":34}},"2":{"start":{"line":9,"column":20},"end":{"line":11,"column":5}},"3":{"start":{"line":10,"column":8},"end":{"line":10,"column":26}},"4":{"start":{"line":13,"column":4},"end":{"line":31,"column":6}}},"fnMap":{"0":{"name":"(anonymous_0)","decl":{"start":{"line":6,"column":20},"end":{"line":6,"column":21}},"loc":{"start":{"line":6,"column":26},"end":{"line":32,"column":1}},"line":6},"1":{"name":"(anonymous_1)","decl":{"start":{"line":9,"column":20},"end":{"line":9,"column":21}},"loc":{"start":{"line":9,"column":26},"end":{"line":11,"column":5}},"line":9}},"branchMap":{},"s":{"0":1,"1":3,"2":3,"3":1,"4":3},"f":{"0":3,"1":1},"b":{},"_coverageSchema":"1a1c01bbd47fc00a2c39e90264f33305004495a9","hash":"5a111b87b26ee5ef30ac240d722896be57ef6e1e"}
,"/Users/anishkhadka/Desktop/csc648-04-fall23-csc648-04-fall23-team03/Milestones/M4/src/Components/Main.js": {"path":"/Users/anishkhadka/Desktop/csc648-04-fall23-csc648-04-fall23-team03/Milestones/M4/src/Components/Main.js","statementMap":{"0":{"start":{"line":8,"column":28},"end":{"line":8,"column":40}},"1":{"start":{"line":10,"column":4},"end":{"line":22,"column":11}},"2":{"start":{"line":11,"column":26},"end":{"line":19,"column":9}},"3":{"start":{"line":12,"column":12},"end":{"line":18,"column":13}},"4":{"start":{"line":13,"column":33},"end":{"line":13,"column":80}},"5":{"start":{"line":14,"column":16},"end":{"line":14,"column":47}},"6":{"start":{"line":15,"column":16},"end":{"line":15,"column":51}},"7":{"start":{"line":17,"column":16},"end":{"line":17,"column":61}},"8":{"start":{"line":21,"column":8},"end":{"line":21,"column":20}},"9":{"start":{"line":24,"column":4},"end":{"line":37,"column":6}},"10":{"start":{"line":29,"column":16},"end":{"line":29,"column":62}}},"fnMap":{"0":{"name":"Main","decl":{"start":{"line":7,"column":9},"end":{"line":7,"column":13}},"loc":{"start":{"line":7,"column":16},"end":{"line":38,"column":1}},"line":7},"1":{"name":"(anonymous_1)","decl":{"start":{"line":10,"column":14},"end":{"line":10,"column":15}},"loc":{"start":{"line":10,"column":20},"end":{"line":22,"column":5}},"line":10},"2":{"name":"(anonymous_2)","decl":{"start":{"line":11,"column":26},"end":{"line":11,"column":27}},"loc":{"start":{"line":11,"column":38},"end":{"line":19,"column":9}},"line":11},"3":{"name":"(anonymous_3)","decl":{"start":{"line":28,"column":49},"end":{"line":28,"column":50}},"loc":{"start":{"line":29,"column":16},"end":{"line":29,"column":62}},"line":29}},"branchMap":{"0":{"loc":{"start":{"line":28,"column":13},"end":{"line":30,"column":14}},"type":"binary-expr","locations":[{"start":{"line":28,"column":13},"end":{"line":28,"column":17}},{"start":{"line":28,"column":21},"end":{"line":28,"column":36}},{"start":{"line":28,"column":40},"end":{"line":30,"column":14}}],"line":28}},"s":{"0":0,"1":0,"2":0,"3":0,"4":0,"5":0,"6":0,"7":0,"8":0,"9":0,"10":0},"f":{"0":0,"1":0,"2":0,"3":0},"b":{"0":[0,0,0]}}
,"/Users/anishkhadka/Desktop/csc648-04-fall23-csc648-04-fall23-team03/Milestones/M4/src/Components/Mixer.js": {"path":"/Users/anishkhadka/Desktop/csc648-04-fall23-csc648-04-fall23-team03/Milestones/M4/src/Components/Mixer.js","statementMap":{"0":{"start":{"line":11,"column":14},"end":{"line":90,"column":1}},"1":{"start":{"line":13,"column":54},"end":{"line":13,"column":66}},"2":{"start":{"line":14,"column":32},"end":{"line":14,"column":44}},"3":{"start":{"line":15,"column":46},"end":{"line":15,"column":58}},"4":{"start":{"line":17,"column":25},"end":{"line":21,"column":5}},"5":{"start":{"line":20,"column":8},"end":{"line":20,"column":49}},"6":{"start":{"line":23,"column":22},"end":{"line":31,"column":5}},"7":{"start":{"line":24,"column":8},"end":{"line":24,"column":27}},"8":{"start":{"line":25,"column":24},"end":{"line":25,"column":30}},"9":{"start":{"line":26,"column":8},"end":{"line":26,"column":42}},"10":{"start":{"line":27,"column":8},"end":{"line":27,"column":29}},"11":{"start":{"line":29,"column":8},"end":{"line":29,"column":33}},"12":{"start":{"line":30,"column":8},"end":{"line":30,"column":28}},"13":{"start":{"line":34,"column":26},"end":{"line":56,"column":5}},"14":{"start":{"line":36,"column":8},"end":{"line":54,"column":9}},"15":{"start":{"line":37,"column":29},"end":{"line":39,"column":14}},"16":{"start":{"line":41,"column":13},"end":{"line":41,"column":35}},"17":{"start":{"line":43,"column":12},"end":{"line":49,"column":13}},"18":{"start":{"line":44,"column":16},"end":{"line":44,"column":56}},"19":{"start":{"line":45,"column":16},"end":{"line":45,"column":43}},"20":{"start":{"line":47,"column":16},"end":{"line":47,"column":40}},"21":{"start":{"line":48,"column":16},"end":{"line":48,"column":37}},"22":{"start":{"line":51,"column":12},"end":{"line":51,"column":74}},"23":{"start":{"line":52,"column":12},"end":{"line":52,"column":46}},"24":{"start":{"line":53,"column":12},"end":{"line":53,"column":33}},"25":{"start":{"line":61,"column":4},"end":{"line":89,"column":6}},"26":{"start":{"line":85,"column":13},"end":{"line":85,"column":59}}},"fnMap":{"0":{"name":"(anonymous_0)","decl":{"start":{"line":11,"column":14},"end":{"line":11,"column":15}},"loc":{"start":{"line":11,"column":20},"end":{"line":90,"column":1}},"line":11},"1":{"name":"(anonymous_1)","decl":{"start":{"line":17,"column":25},"end":{"line":17,"column":26}},"loc":{"start":{"line":17,"column":36},"end":{"line":21,"column":5}},"line":17},"2":{"name":"(anonymous_2)","decl":{"start":{"line":23,"column":22},"end":{"line":23,"column":23}},"loc":{"start":{"line":23,"column":29},"end":{"line":31,"column":5}},"line":23},"3":{"name":"(anonymous_3)","decl":{"start":{"line":34,"column":26},"end":{"line":34,"column":27}},"loc":{"start":{"line":34,"column":38},"end":{"line":56,"column":5}},"line":34},"4":{"name":"(anonymous_4)","decl":{"start":{"line":84,"column":31},"end":{"line":84,"column":32}},"loc":{"start":{"line":85,"column":13},"end":{"line":85,"column":59}},"line":85}},"branchMap":{"0":{"loc":{"start":{"line":43,"column":12},"end":{"line":49,"column":13}},"type":"if","locations":[{"start":{"line":43,"column":12},"end":{"line":49,"column":13}},{"start":{"line":46,"column":19},"end":{"line":49,"column":13}}],"line":43},"1":{"loc":{"start":{"line":43,"column":16},"end":{"line":43,"column":90}},"type":"binary-expr","locations":[{"start":{"line":43,"column":16},"end":{"line":43,"column":29}},{"start":{"line":43,"column":33},"end":{"line":43,"column":54}},{"start":{"line":43,"column":58},"end":{"line":43,"column":90}}],"line":43}},"s":{"0":1,"1":5,"2":5,"3":5,"4":5,"5":1,"6":5,"7":1,"8":1,"9":1,"10":1,"11":1,"12":1,"13":5,"14":1,"15":1,"16":0,"17":0,"18":0,"19":0,"20":0,"21":0,"22":1,"23":1,"24":1,"25":5,"26":0},"f":{"0":5,"1":1,"2":1,"3":1,"4":0},"b":{"0":[0,0],"1":[0,0,0]},"_coverageSchema":"1a1c01bbd47fc00a2c39e90264f33305004495a9","hash":"cae5f599f93036f5ebbf824a4d91bcb5e62d012e"}
,"/Users/anishkhadka/Desktop/csc648-04-fall23-csc648-04-fall23-team03/Milestones/M4/src/Components/Navigation.js": {"path":"/Users/anishkhadka/Desktop/csc648-04-fall23-csc648-04-fall23-team03/Milestones/M4/src/Components/Navigation.js","statementMap":{"0":{"start":{"line":12,"column":19},"end":{"line":47,"column":1}},"1":{"start":{"line":13,"column":21},"end":{"line":13,"column":34}},"2":{"start":{"line":14,"column":30},"end":{"line":14,"column":52}},"3":{"start":{"line":16,"column":25},"end":{"line":20,"column":5}},"4":{"start":{"line":17,"column":8},"end":{"line":17,"column":27}},"5":{"start":{"line":18,"column":8},"end":{"line":18,"column":33}},"6":{"start":{"line":22,"column":4},"end":{"line":46,"column":6}},"7":{"start":{"line":24,"column":54},"end":{"line":24,"column":71}},"8":{"start":{"line":29,"column":54},"end":{"line":29,"column":73}},"9":{"start":{"line":34,"column":54},"end":{"line":34,"column":72}},"10":{"start":{"line":39,"column":66},"end":{"line":39,"column":82}}},"fnMap":{"0":{"name":"(anonymous_0)","decl":{"start":{"line":12,"column":19},"end":{"line":12,"column":20}},"loc":{"start":{"line":12,"column":24},"end":{"line":47,"column":1}},"line":12},"1":{"name":"(anonymous_1)","decl":{"start":{"line":16,"column":25},"end":{"line":16,"column":26}},"loc":{"start":{"line":16,"column":46},"end":{"line":20,"column":5}},"line":16},"2":{"name":"(anonymous_2)","decl":{"start":{"line":24,"column":49},"end":{"line":24,"column":50}},"loc":{"start":{"line":24,"column":53},"end":{"line":24,"column":72}},"line":24},"3":{"name":"(anonymous_3)","decl":{"start":{"line":29,"column":49},"end":{"line":29,"column":50}},"loc":{"start":{"line":29,"column":53},"end":{"line":29,"column":74}},"line":29},"4":{"name":"(anonymous_4)","decl":{"start":{"line":34,"column":49},"end":{"line":34,"column":50}},"loc":{"start":{"line":34,"column":53},"end":{"line":34,"column":73}},"line":34},"5":{"name":"(anonymous_5)","decl":{"start":{"line":39,"column":61},"end":{"line":39,"column":62}},"loc":{"start":{"line":39,"column":65},"end":{"line":39,"column":83}},"line":39}},"branchMap":{},"s":{"0":1,"1":3,"2":3,"3":3,"4":0,"5":0,"6":3,"7":1,"8":1,"9":1,"10":1},"f":{"0":3,"1":0,"2":1,"3":1,"4":1,"5":1},"b":{},"_coverageSchema":"1a1c01bbd47fc00a2c39e90264f33305004495a9","hash":"2f0bf9568f8118cc63fca4d165584e6e8d34713f"}
,"/Users/anishkhadka/Desktop/csc648-04-fall23-csc648-04-fall23-team03/Milestones/M4/src/Components/RecipeCard.js": {"path":"/Users/anishkhadka/Desktop/csc648-04-fall23-csc648-04-fall23-team03/Milestones/M4/src/Components/RecipeCard.js","statementMap":{"0":{"start":{"line":11,"column":19},"end":{"line":92,"column":1}},"1":{"start":{"line":12,"column":38},"end":{"line":12,"column":53}},"2":{"start":{"line":24,"column":8},"end":{"line":24,"column":14}},"3":{"start":{"line":27,"column":17},"end":{"line":29,"column":5}},"4":{"start":{"line":28,"column":8},"end":{"line":28,"column":33}},"5":{"start":{"line":31,"column":4},"end":{"line":91,"column":6}}},"fnMap":{"0":{"name":"(anonymous_0)","decl":{"start":{"line":11,"column":19},"end":{"line":11,"column":20}},"loc":{"start":{"line":11,"column":44},"end":{"line":92,"column":1}},"line":11},"1":{"name":"(anonymous_1)","decl":{"start":{"line":27,"column":17},"end":{"line":27,"column":18}},"loc":{"start":{"line":27,"column":23},"end":{"line":29,"column":5}},"line":27}},"branchMap":{"0":{"loc":{"start":{"line":33,"column":55},"end":{"line":33,"column":90}},"type":"cond-expr","locations":[{"start":{"line":33,"column":74},"end":{"line":33,"column":80}},{"start":{"line":33,"column":83},"end":{"line":33,"column":90}}],"line":33},"1":{"loc":{"start":{"line":45,"column":42},"end":{"line":45,"column":68}},"type":"cond-expr","locations":[{"start":{"line":45,"column":54},"end":{"line":45,"column":63}},{"start":{"line":45,"column":66},"end":{"line":45,"column":68}}],"line":45},"2":{"loc":{"start":{"line":56,"column":29},"end":{"line":56,"column":75}},"type":"cond-expr","locations":[{"start":{"line":56,"column":42},"end":{"line":56,"column":60}},{"start":{"line":56,"column":63},"end":{"line":56,"column":75}}],"line":56},"3":{"loc":{"start":{"line":64,"column":25},"end":{"line":64,"column":71}},"type":"cond-expr","locations":[{"start":{"line":64,"column":38},"end":{"line":64,"column":56}},{"start":{"line":64,"column":59},"end":{"line":64,"column":71}}],"line":64},"4":{"loc":{"start":{"line":80,"column":30},"end":{"line":80,"column":70}},"type":"cond-expr","locations":[{"start":{"line":80,"column":40},"end":{"line":80,"column":54}},{"start":{"line":80,"column":57},"end":{"line":80,"column":70}}],"line":80}},"s":{"0":3,"1":8,"2":8,"3":8,"4":1,"5":8},"f":{"0":8,"1":1},"b":{"0":[8,0],"1":[1,7],"2":[7,1],"3":[7,1],"4":[8,0]},"_coverageSchema":"1a1c01bbd47fc00a2c39e90264f33305004495a9","hash":"7c68e105ddd3f3e92079c10ca54fc74b71715a7f"}
,"/Users/anishkhadka/Desktop/csc648-04-fall23-csc648-04-fall23-team03/Milestones/M4/src/Components/Search.js": {"path":"/Users/anishkhadka/Desktop/csc648-04-fall23-csc648-04-fall23-team03/Milestones/M4/src/Components/Search.js","statementMap":{"0":{"start":{"line":9,"column":15},"end":{"line":70,"column":1}},"1":{"start":{"line":10,"column":38},"end":{"line":10,"column":50}},"2":{"start":{"line":11,"column":44},"end":{"line":11,"column":56}},"3":{"start":{"line":13,"column":23},"end":{"line":15,"column":3}},"4":{"start":{"line":14,"column":4},"end":{"line":14,"column":38}},"5":{"start":{"line":17,"column":23},"end":{"line":45,"column":3}},"6":{"start":{"line":18,"column":4},"end":{"line":18,"column":23}},"7":{"start":{"line":19,"column":4},"end":{"line":22,"column":5}},"8":{"start":{"line":20,"column":6},"end":{"line":20,"column":49}},"9":{"start":{"line":21,"column":6},"end":{"line":21,"column":13}},"10":{"start":{"line":24,"column":4},"end":{"line":44,"column":5}},"11":{"start":{"line":25,"column":23},"end":{"line":28,"column":8}},"12":{"start":{"line":30,"column":6},"end":{"line":39,"column":7}},"13":{"start":{"line":35,"column":8},"end":{"line":35,"column":48}},"14":{"start":{"line":37,"column":8},"end":{"line":37,"column":32}},"15":{"start":{"line":38,"column":8},"end":{"line":38,"column":29}},"16":{"start":{"line":41,"column":6},"end":{"line":41,"column":55}},"17":{"start":{"line":42,"column":6},"end":{"line":42,"column":40}},"18":{"start":{"line":43,"column":6},"end":{"line":43,"column":27}},"19":{"start":{"line":47,"column":2},"end":{"line":69,"column":4}},"20":{"start":{"line":65,"column":10},"end":{"line":65,"column":69}}},"fnMap":{"0":{"name":"(anonymous_0)","decl":{"start":{"line":9,"column":15},"end":{"line":9,"column":16}},"loc":{"start":{"line":9,"column":21},"end":{"line":70,"column":1}},"line":9},"1":{"name":"(anonymous_1)","decl":{"start":{"line":13,"column":23},"end":{"line":13,"column":24}},"loc":{"start":{"line":13,"column":34},"end":{"line":15,"column":3}},"line":13},"2":{"name":"(anonymous_2)","decl":{"start":{"line":17,"column":23},"end":{"line":17,"column":24}},"loc":{"start":{"line":17,"column":36},"end":{"line":45,"column":3}},"line":17},"3":{"name":"(anonymous_3)","decl":{"start":{"line":64,"column":27},"end":{"line":64,"column":28}},"loc":{"start":{"line":65,"column":10},"end":{"line":65,"column":69}},"line":65}},"branchMap":{"0":{"loc":{"start":{"line":19,"column":4},"end":{"line":22,"column":5}},"type":"if","locations":[{"start":{"line":19,"column":4},"end":{"line":22,"column":5}},{"start":{},"end":{}}],"line":19},"1":{"loc":{"start":{"line":19,"column":8},"end":{"line":19,"column":53}},"type":"binary-expr","locations":[{"start":{"line":19,"column":8},"end":{"line":19,"column":19}},{"start":{"line":19,"column":23},"end":{"line":19,"column":53}}],"line":19},"2":{"loc":{"start":{"line":30,"column":6},"end":{"line":39,"column":7}},"type":"if","locations":[{"start":{"line":30,"column":6},"end":{"line":39,"column":7}},{"start":{"line":36,"column":13},"end":{"line":39,"column":7}}],"line":30},"3":{"loc":{"start":{"line":31,"column":8},"end":{"line":33,"column":40}},"type":"binary-expr","locations":[{"start":{"line":31,"column":8},"end":{"line":31,"column":21}},{"start":{"line":32,"column":8},"end":{"line":32,"column":29}},{"start":{"line":33,"column":8},"end":{"line":33,"column":40}}],"line":31}},"s":{"0":1,"1":2,"2":2,"3":2,"4":1,"5":2,"6":1,"7":1,"8":0,"9":0,"10":1,"11":1,"12":1,"13":0,"14":0,"15":0,"16":1,"17":1,"18":1,"19":2,"20":0},"f":{"0":2,"1":1,"2":1,"3":0},"b":{"0":[0,1],"1":[1,1],"2":[0,0],"3":[1,0,0]},"_coverageSchema":"1a1c01bbd47fc00a2c39e90264f33305004495a9","hash":"c3086dfcc05d0ab6af12f2cf4b240e66e9420ba5"}
}
