TN:
SF:src/App.js
FN:12,(anonymous_0)
FN:17,(anonymous_1)
FN:18,(anonymous_2)
FN:30,(anonymous_3)
FNF:4
FNH:0
FNDA:0,(anonymous_0)
FNDA:0,(anonymous_1)
FNDA:0,(anonymous_2)
FNDA:0,(anonymous_3)
DA:12,0
DA:14,0
DA:15,0
DA:17,0
DA:18,0
DA:19,0
DA:22,0
DA:23,0
DA:26,0
DA:30,0
DA:31,0
DA:37,0
LF:12
LH:0
BRDA:38,0,0,0
BRDA:38,0,1,0
BRDA:38,1,0,0
BRDA:38,1,1,0
BRDA:63,2,0,0
BRDA:63,2,1,0
BRF:6
BRH:0
end_of_record
TN:
SF:src/index.js
FNF:0
FNH:0
DA:8,0
DA:9,0
LF:2
LH:0
BRF:0
BRH:0
end_of_record
TN:
SF:src/Components/AddRecipe.js
FN:18,(anonymous_0)
FN:31,(anonymous_1)
FN:32,(anonymous_2)
FN:35,(anonymous_3)
FN:36,(anonymous_4)
FN:39,(anonymous_5)
FN:39,(anonymous_6)
FN:40,(anonymous_7)
FN:46,(anonymous_8)
FN:46,(anonymous_9)
FN:50,(anonymous_10)
FN:56,(anonymous_11)
FN:57,(anonymous_12)
FN:63,(anonymous_13)
FN:67,(anonymous_14)
FN:73,(anonymous_15)
FN:94,(anonymous_16)
FN:107,(anonymous_17)
FN:116,(anonymous_18)
FN:128,(anonymous_19)
FN:141,(anonymous_20)
FN:150,(anonymous_21)
FN:174,(anonymous_22)
FNF:23
FNH:21
FNDA:20,(anonymous_0)
FNDA:8,(anonymous_1)
FNDA:8,(anonymous_2)
FNDA:1,(anonymous_3)
FNDA:1,(anonymous_4)
FNDA:9,(anonymous_5)
FNDA:1,(anonymous_6)
FNDA:1,(anonymous_7)
FNDA:2,(anonymous_8)
FNDA:0,(anonymous_9)
FNDA:0,(anonymous_10)
FNDA:2,(anonymous_11)
FNDA:2,(anonymous_12)
FNDA:2,(anonymous_13)
FNDA:2,(anonymous_14)
FNDA:20,(anonymous_15)
FNDA:1,(anonymous_16)
FNDA:1,(anonymous_17)
FNDA:1,(anonymous_18)
FNDA:1,(anonymous_19)
FNDA:1,(anonymous_20)
FNDA:1,(anonymous_21)
FNDA:1,(anonymous_22)
DA:18,1
DA:19,20
DA:21,20
DA:31,20
DA:32,8
DA:35,20
DA:36,1
DA:39,20
DA:40,1
DA:46,20
DA:47,0
DA:48,0
DA:50,0
DA:56,20
DA:57,2
DA:63,20
DA:64,2
DA:65,2
DA:67,2
DA:73,20
DA:74,20
DA:76,8
DA:88,7
DA:95,1
DA:107,1
DA:116,1
DA:122,4
DA:129,1
DA:141,1
DA:150,1
DA:156,1
DA:170,0
DA:174,20
DA:175,1
DA:178,20
LF:35
LH:31
BRDA:74,0,0,8
BRDA:74,0,1,7
BRDA:74,0,2,4
BRDA:74,0,3,1
BRDA:74,0,4,0
BRDA:203,1,0,19
BRDA:203,1,1,1
BRF:7
BRH:6
end_of_record
TN:
SF:src/Components/LandingPage.js
FN:6,(anonymous_0)
FN:9,(anonymous_1)
FNF:2
FNH:2
FNDA:3,(anonymous_0)
FNDA:1,(anonymous_1)
DA:6,1
DA:7,3
DA:9,3
DA:10,1
DA:13,3
LF:5
LH:5
BRF:0
BRH:0
end_of_record
TN:
SF:src/Components/Main.js
FN:7,Main
FN:10,(anonymous_1)
FN:11,(anonymous_2)
FN:28,(anonymous_3)
FNF:4
FNH:0
FNDA:0,Main
FNDA:0,(anonymous_1)
FNDA:0,(anonymous_2)
FNDA:0,(anonymous_3)
DA:8,0
DA:10,0
DA:11,0
DA:12,0
DA:13,0
DA:14,0
DA:15,0
DA:17,0
DA:21,0
DA:24,0
DA:29,0
LF:11
LH:0
BRDA:28,0,0,0
BRDA:28,0,1,0
BRDA:28,0,2,0
BRF:3
BRH:0
end_of_record
TN:
SF:src/Components/Mixer.js
FN:11,(anonymous_0)
FN:17,(anonymous_1)
FN:23,(anonymous_2)
FN:34,(anonymous_3)
FN:84,(anonymous_4)
FNF:5
FNH:4
FNDA:5,(anonymous_0)
FNDA:1,(anonymous_1)
FNDA:1,(anonymous_2)
FNDA:1,(anonymous_3)
FNDA:0,(anonymous_4)
DA:11,1
DA:13,5
DA:14,5
DA:15,5
DA:17,5
DA:20,1
DA:23,5
DA:24,1
DA:25,1
DA:26,1
DA:27,1
DA:29,1
DA:30,1
DA:34,5
DA:36,1
DA:37,1
DA:41,0
DA:43,0
DA:44,0
DA:45,0
DA:47,0
DA:48,0
DA:51,1
DA:52,1
DA:53,1
DA:61,5
DA:85,0
LF:27
LH:20
BRDA:43,0,0,0
BRDA:43,0,1,0
BRDA:43,1,0,0
BRDA:43,1,1,0
BRDA:43,1,2,0
BRF:5
BRH:0
end_of_record
TN:
SF:src/Components/Navigation.js
FN:12,(anonymous_0)
FN:16,(anonymous_1)
FN:24,(anonymous_2)
FN:29,(anonymous_3)
FN:34,(anonymous_4)
FN:39,(anonymous_5)
FNF:6
FNH:5
FNDA:3,(anonymous_0)
FNDA:0,(anonymous_1)
FNDA:1,(anonymous_2)
FNDA:1,(anonymous_3)
FNDA:1,(anonymous_4)
FNDA:1,(anonymous_5)
DA:12,1
DA:13,3
DA:14,3
DA:16,3
DA:17,0
DA:18,0
DA:22,3
DA:24,1
DA:29,1
DA:34,1
DA:39,1
LF:11
LH:9
BRF:0
BRH:0
end_of_record
TN:
SF:src/Components/RecipeCard.js
FN:11,(anonymous_0)
FN:27,(anonymous_1)
FNF:2
FNH:2
FNDA:8,(anonymous_0)
FNDA:1,(anonymous_1)
DA:11,3
DA:12,8
DA:24,8
DA:27,8
DA:28,1
DA:31,8
LF:6
LH:6
BRDA:33,0,0,8
BRDA:33,0,1,0
BRDA:45,1,0,1
BRDA:45,1,1,7
BRDA:56,2,0,7
BRDA:56,2,1,1
BRDA:64,3,0,7
BRDA:64,3,1,1
BRDA:80,4,0,8
BRDA:80,4,1,0
BRF:10
BRH:8
end_of_record
TN:
SF:src/Components/Search.js
FN:9,(anonymous_0)
FN:13,(anonymous_1)
FN:17,(anonymous_2)
FN:64,(anonymous_3)
FNF:4
FNH:3
FNDA:2,(anonymous_0)
FNDA:1,(anonymous_1)
FNDA:1,(anonymous_2)
FNDA:0,(anonymous_3)
DA:9,1
DA:10,2
DA:11,2
DA:13,2
DA:14,1
DA:17,2
DA:18,1
DA:19,1
DA:20,0
DA:21,0
DA:24,1
DA:25,1
DA:30,1
DA:35,0
DA:37,0
DA:38,0
DA:41,1
DA:42,1
DA:43,1
DA:47,2
DA:65,0
LF:21
LH:15
BRDA:19,0,0,0
BRDA:19,0,1,1
BRDA:19,1,0,1
BRDA:19,1,1,1
BRDA:30,2,0,0
BRDA:30,2,1,0
BRDA:31,3,0,1
BRDA:31,3,1,0
BRDA:31,3,2,0
BRF:9
BRH:4
end_of_record
